<?xml version="1.0" encoding="UTF-8"?>
<testsuite xmlns:xsi="http://www.w3.org/2001/XMLSchema-instance" xsi:noNamespaceSchemaLocation="https://maven.apache.org/surefire/maven-surefire-plugin/xsd/surefire-test-report-3.0.xsd" version="3.0" name="com.example.planstudiow.PlanStudiowApplicationTests" time="8.897" tests="1" errors="0" skipped="0" failures="0">
  <properties>
[...]
</properties>
  <testcase name="contextLoads" classname="com.example.planstudiow.PlanStudiowApplicationTests" time="2.929">
    <system-out><![CDATA[17:12:21.722 [main] INFO org.springframework.test.context.support.AnnotationConfigContextLoaderUtils -- Could not detect default configuration classes for test class [com.example.planstudiow.PlanStudiowApplicationTests]: PlanStudiowApplicationTests does not declare any static, non-private, non-final, nested classes annotated with @Configuration.
17:12:22.095 [main] INFO org.springframework.boot.test.context.SpringBootTestContextBootstrapper -- Found @SpringBootConfiguration com.example.planstudiow.PlanStudiowApplication for test class com.example.planstudiow.PlanStudiowApplicationTests

  .   ____          _            __ _ _
 /\\ / ___'_ __ _ _(_)_ __  __ _ \ \ \ \
( ( )\___ | '_ | '_| | '_ \/ _` | \ \ \ \
 \\/  ___)| |_)| | | | | || (_| |  ) ) ) )
  '  |____| .__|_| |_|_| |_\__, | / / / /
 =========|_|==============|___/=/_/_/_/
 :: Spring Boot ::                (v3.1.1)

2023-06-23T17:12:23.422+02:00  INFO 2744 --- [           main] c.e.p.PlanStudiowApplicationTests        : Starting PlanStudiowApplicationTests using Java 17.0.7 with PID 2744 (started by ada in E:\Dokumenty\AGH\inżynieria oprogramowania\doc złożone w AGH\zaliczenia\TAW\planStudiow)
2023-06-23T17:12:23.430+02:00  INFO 2744 --- [           main] c.e.p.PlanStudiowApplicationTests        : No active profile set, falling back to 1 default profile: "default"
2023-06-23T17:12:27.154+02:00  INFO 2744 --- [           main] c.e.p.PlanStudiowApplicationTests        : Started PlanStudiowApplicationTests in 4.53 seconds (process running for 7.769)
]]></system-out>
  </testcase>
</testsuite>